<?xml version="1.0" encoding="UTF-8"?>
<!-- Generated by org.testng.reporters.JUnitReportReporter -->
<testsuite hostname="Raj_Singh" failures="0" tests="1" name="webAutomation.ProductSearch" time="50.068" errors="0" timestamp="2024-06-16T23:43:13 IST" skipped="0">
  <testcase classname="webAutomation.ProductSearch" name="searchProduct" time="50.068"/>
</testsuite> <!-- webAutomation.ProductSearch -->
